<?xml version="1.0" encoding="utf-8"?><testsuites><testsuite name="pytest" errors="0" failures="0" skipped="0" tests="7" time="3.907" timestamp="2025-04-16T11:54:20.734618" hostname="Harshs-MacBook-Pro"><testcase classname="apps.about.src.about.api_tests.TestUserPreferencesAPI" name="test_get_preferences_success" time="0.003" /><testcase classname="apps.about.src.about.api_tests.TestUserPreferencesAPI" name="test_get_preferences_unauthorized" time="0.001" /><testcase classname="apps.about.src.about.api_tests.TestUserPreferencesAPI" name="test_get_preferences_error" time="0.001" /><testcase classname="apps.about.src.about.api_tests.TestUserPreferencesAPI" name="test_update_preferences_success" time="0.001" /><testcase classname="apps.about.src.about.api_tests.TestUserPreferencesAPI" name="test_update_preferences_unauthorized" time="0.001" /><testcase classname="apps.about.src.about.api_tests.TestUserPreferencesAPI" name="test_update_preferences_missing_param" time="0.001" /><testcase classname="apps.about.src.about.api_tests.TestUserPreferencesAPI" name="test_update_preferences_error" time="0.002" /></testsuite></testsuites>